Added Component: Designator=CN4(CON.HDR1X3)
Add component (AddParameter): Name = "ComponentLink1Description"; Value = "Digikey Part link"; VariantName = "[No Variations]"
Add component (AddParameter): Name = "ComponentLink1URL"; Value = ""; VariantName = "[No Variations]"
Add component (AddParameter): Name = "ComponentLink2Description"; Value = "Open DataSheet"; VariantName = "[No Variations]"
Add component (AddParameter): Name = "ComponentLink2URL"; Value = "H:\LIBRARY\LIBRARY.Datasheet\"; VariantName = "[No Variations]"
Add component (AddParameter): Name = "Manufacturer"; Value = ""; VariantName = "[No Variations]"
Add component (AddParameter): Name = "Manufacturer P/N"; Value = ""; VariantName = "[No Variations]"
Add component (AddParameter): Name = "Publisher"; Value = "Hoang Nguyen"; VariantName = "[No Variations]"
Add component (AddParameter): Name = "Vendor"; Value = ""; VariantName = "[No Variations]"
Add component (AddParameter): Name = "Vendor P/N"; Value = ""; VariantName = "[No Variations]"
Added Component: Designator=CN5(CON.HDR1X3)
Add component (AddParameter): Name = "ComponentLink1Description"; Value = "Digikey Part link"; VariantName = "[No Variations]"
Add component (AddParameter): Name = "ComponentLink1URL"; Value = ""; VariantName = "[No Variations]"
Add component (AddParameter): Name = "ComponentLink2Description"; Value = "Open DataSheet"; VariantName = "[No Variations]"
Add component (AddParameter): Name = "ComponentLink2URL"; Value = "H:\LIBRARY\LIBRARY.Datasheet\"; VariantName = "[No Variations]"
Add component (AddParameter): Name = "Manufacturer"; Value = ""; VariantName = "[No Variations]"
Add component (AddParameter): Name = "Manufacturer P/N"; Value = ""; VariantName = "[No Variations]"
Add component (AddParameter): Name = "Publisher"; Value = "Hoang Nguyen"; VariantName = "[No Variations]"
Add component (AddParameter): Name = "Vendor"; Value = ""; VariantName = "[No Variations]"
Add component (AddParameter): Name = "Vendor P/N"; Value = ""; VariantName = "[No Variations]"
Added Component: Designator=D1(D2A)
Add component (AddParameter): Name = "Value"; Value = "1N4007"; VariantName = "[No Variations]"
Added Component: Designator=D2(D2A)
Add component (AddParameter): Name = "Value"; Value = "1N4007"; VariantName = "[No Variations]"
Added Component: Designator=J1(KF7.62)
Added Component: Designator=J2(KF7.62)
Added Component: Designator=LED2(LED3mm)
Added Component: Designator=LED3(LED3mm)
Added Component: Designator=Q1(QTO-92)
Add component (AddParameter): Name = "Value"; Value = "C1815"; VariantName = "[No Variations]"
Added Component: Designator=Q2(TO-220-3)
Add component (AddParameter): Name = "ComponentLink1Description"; Value = "Manufacturer Link"; VariantName = "[No Variations]"
Add component (AddParameter): Name = "ComponentLink1URL"; Value = "http://www.irf.com/"; VariantName = "[No Variations]"
Add component (AddParameter): Name = "DatasheetVersion"; Value = "PD-9.373H"; VariantName = "[No Variations]"
Add component (AddParameter): Name = "LatestRevisionDate"; Value = "17-Jul-2002"; VariantName = "[No Variations]"
Add component (AddParameter): Name = "LatestRevisionNote"; Value = "Re-released for DXP Platform."; VariantName = "[No Variations]"
Add component (AddParameter): Name = "Note"; Value = "Pin 2 is electrically connected to pin 4."; VariantName = "[No Variations]"
Add component (AddParameter): Name = "PackageDescription"; Value = "TO, Thru-Hole, Vertical, Heatsink Mounted; 3 In-Line Leads; Pitch 2.54 mm"; VariantName = "[No Variations]"
Add component (AddParameter): Name = "PackageReference"; Value = "TO-220AB"; VariantName = "[No Variations]"
Add component (AddParameter): Name = "PackageVersion"; Value = "Feb-1997"; VariantName = "[No Variations]"
Add component (AddParameter): Name = "Published"; Value = "8-Jun-2000"; VariantName = "[No Variations]"
Add component (AddParameter): Name = "Publisher"; Value = "Altium Limited"; VariantName = "[No Variations]"
Added Component: Designator=Q3(QTO-92)
Add component (AddParameter): Name = "Value"; Value = "C1815"; VariantName = "[No Variations]"
Added Component: Designator=Q4(TO-220-3)
Add component (AddParameter): Name = "ComponentLink1Description"; Value = "Manufacturer Link"; VariantName = "[No Variations]"
Add component (AddParameter): Name = "ComponentLink1URL"; Value = "http://www.irf.com/"; VariantName = "[No Variations]"
Add component (AddParameter): Name = "DatasheetVersion"; Value = "PD-9.373H"; VariantName = "[No Variations]"
Add component (AddParameter): Name = "LatestRevisionDate"; Value = "17-Jul-2002"; VariantName = "[No Variations]"
Add component (AddParameter): Name = "LatestRevisionNote"; Value = "Re-released for DXP Platform."; VariantName = "[No Variations]"
Add component (AddParameter): Name = "Note"; Value = "Pin 2 is electrically connected to pin 4."; VariantName = "[No Variations]"
Add component (AddParameter): Name = "PackageDescription"; Value = "TO, Thru-Hole, Vertical, Heatsink Mounted; 3 In-Line Leads; Pitch 2.54 mm"; VariantName = "[No Variations]"
Add component (AddParameter): Name = "PackageReference"; Value = "TO-220AB"; VariantName = "[No Variations]"
Add component (AddParameter): Name = "PackageVersion"; Value = "Feb-1997"; VariantName = "[No Variations]"
Add component (AddParameter): Name = "Published"; Value = "8-Jun-2000"; VariantName = "[No Variations]"
Add component (AddParameter): Name = "Publisher"; Value = "Altium Limited"; VariantName = "[No Variations]"
Added Component: Designator=R4(R1/4W)
Add component (AddParameter): Name = "Value"; Value = "R1/4W - 1K"; VariantName = "[No Variations]"
Added Component: Designator=R5(R1/4W)
Add component (AddParameter): Name = "Value"; Value = "R1/4W - 1K"; VariantName = "[No Variations]"
Added Component: Designator=R6(R1/4W)
Add component (AddParameter): Name = "Value"; Value = "R1/4W - 1K"; VariantName = "[No Variations]"
Added Component: Designator=R7(R1/4W)
Add component (AddParameter): Name = "Value"; Value = "R1/4W - 1K"; VariantName = "[No Variations]"
Added Component: Designator=R8(R1/4W)
Add component (AddParameter): Name = "Value"; Value = "R1/4W - 1K"; VariantName = "[No Variations]"
Added Component: Designator=R9(R1/4W)
Add component (AddParameter): Name = "Value"; Value = "R1/4W - 1K"; VariantName = "[No Variations]"
Added Pin To Net: NetName=+5V Pin=CN4-1
Added Pin To Net: NetName=VIN Pin=CN4-3
Added Pin To Net: NetName=+5V Pin=CN5-1
Added Pin To Net: NetName=VIN Pin=CN5-3
Added Pin To Net: NetName=D9 Pin=LED2-1
Added Pin To Net: NetName=D10 Pin=LED3-1
Added Pin To Net: NetName=VIN Pin=Q1-2
Added Pin To Net: NetName=GND Pin=Q2-3
Added Pin To Net: NetName=VIN Pin=Q3-2
Added Pin To Net: NetName=GND Pin=Q4-3
Added Pin To Net: NetName=GND Pin=R6-1
Added Pin To Net: NetName=GND Pin=R9-1
Added Pin To Net: NetName=NetCN4_2 Pin=CN4-2
Added Pin To Net: NetName=NetCN4_2 Pin=D1-2
Added Pin To Net: NetName=NetCN4_2 Pin=J1-2
Added Net: Name=NetCN4_2
Added Pin To Net: NetName=NetCN5_2 Pin=CN5-2
Added Pin To Net: NetName=NetCN5_2 Pin=D2-2
Added Pin To Net: NetName=NetCN5_2 Pin=J2-2
Added Net: Name=NetCN5_2
Added Pin To Net: NetName=NetD1_1 Pin=D1-1
Added Pin To Net: NetName=NetD1_1 Pin=J1-1
Added Pin To Net: NetName=NetD1_1 Pin=Q2-2
Added Net: Name=NetD1_1
Added Pin To Net: NetName=NetD2_1 Pin=D2-1
Added Pin To Net: NetName=NetD2_1 Pin=J2-1
Added Pin To Net: NetName=NetD2_1 Pin=Q4-2
Added Net: Name=NetD2_1
Added Pin To Net: NetName=NetLED2_2 Pin=LED2-2
Added Pin To Net: NetName=NetLED2_2 Pin=R4-2
Added Net: Name=NetLED2_2
Added Pin To Net: NetName=NetLED3_2 Pin=LED3-2
Added Pin To Net: NetName=NetLED3_2 Pin=R7-2
Added Net: Name=NetLED3_2
Added Pin To Net: NetName=NetQ1_1 Pin=Q1-1
Added Pin To Net: NetName=NetQ1_1 Pin=R5-1
Added Net: Name=NetQ1_1
Added Pin To Net: NetName=NetQ1_3 Pin=Q1-3
Added Pin To Net: NetName=NetQ1_3 Pin=R4-1
Added Net: Name=NetQ1_3
Added Pin To Net: NetName=NetQ2_1 Pin=Q2-1
Added Pin To Net: NetName=NetQ2_1 Pin=R5-2
Added Pin To Net: NetName=NetQ2_1 Pin=R6-2
Added Net: Name=NetQ2_1
Added Pin To Net: NetName=NetQ3_1 Pin=Q3-1
Added Pin To Net: NetName=NetQ3_1 Pin=R8-1
Added Net: Name=NetQ3_1
Added Pin To Net: NetName=NetQ3_3 Pin=Q3-3
Added Pin To Net: NetName=NetQ3_3 Pin=R7-1
Added Net: Name=NetQ3_3
Added Pin To Net: NetName=NetQ4_1 Pin=Q4-1
Added Pin To Net: NetName=NetQ4_1 Pin=R8-2
Added Pin To Net: NetName=NetQ4_1 Pin=R9-2
Added Net: Name=NetQ4_1
Added Member To Class: ClassName=sch Member=Component CN4 IO
Added Member To Class: ClassName=sch Member=Component CN5 IO
Added Member To Class: ClassName=sch Member=Component D1 1N4007
Added Member To Class: ClassName=sch Member=Component D2 1N4007
Added Member To Class: ClassName=sch Member=Component J1 Domino 7.62mm
Added Member To Class: ClassName=sch Member=Component J2 Domino 7.62mm
Added Member To Class: ClassName=sch Member=Component LED2 LED3
Added Member To Class: ClassName=sch Member=Component LED3
Added Member To Class: ClassName=sch Member=Component Q1 C1815
Added Member To Class: ClassName=sch Member=Component Q2 IRF540
Added Member To Class: ClassName=sch Member=Component Q3 C1815
Added Member To Class: ClassName=sch Member=Component Q4 IRF540
Added Member To Class: ClassName=sch Member=Component R4 1k
Added Member To Class: ClassName=sch Member=Component R5 10R
Added Member To Class: ClassName=sch Member=Component R6 10k
Added Member To Class: ClassName=sch Member=Component R7 1k
Added Member To Class: ClassName=sch Member=Component R8 10R
Added Member To Class: ClassName=sch Member=Component R9 10k
Added Room: Name=sch
