Added Component: Designator=R2(Res Array)
Add component (AddParameter): Name = "Code_JEDEC"; Value = "MO-150-AC"; VariantName = "[No Variations]"
Add component (AddParameter): Name = "LatestRevisionDate"; Value = "17-Jul-2002"; VariantName = "[No Variations]"
Add component (AddParameter): Name = "LatestRevisionNote"; Value = "Re-released for DXP Platform."; VariantName = "[No Variations]"
Add component (AddParameter): Name = "PackageReference"; Value = "SSOP16"; VariantName = "[No Variations]"
Add component (AddParameter): Name = "Published"; Value = "24-Mar-1999"; VariantName = "[No Variations]"
Add component (AddParameter): Name = "Publisher"; Value = "Altium Limited"; VariantName = "[No Variations]"
Added Component: Designator=SW1(SW2)
Add component (AddParameter): Name = "Value"; Value = "SW chip 2 pin"; VariantName = "[No Variations]"
Added Component: Designator=SW2(SW2)
Add component (AddParameter): Name = "Value"; Value = "SW chip 2 pin"; VariantName = "[No Variations]"
Added Component: Designator=SW3(SW2)
Add component (AddParameter): Name = "Value"; Value = "SW chip 2 pin"; VariantName = "[No Variations]"
Added Component: Designator=SW4(SW2)
Add component (AddParameter): Name = "Value"; Value = "SW chip 2 pin"; VariantName = "[No Variations]"
Added Component: Designator=SW5(SW2)
Add component (AddParameter): Name = "Value"; Value = "SW chip 2 pin"; VariantName = "[No Variations]"
Added Component: Designator=SW6(SW2)
Add component (AddParameter): Name = "Value"; Value = "SW chip 2 pin"; VariantName = "[No Variations]"
Added Pin To Net: NetName=D8 Pin=R2-1
Added Pin To Net: NetName=D9 Pin=R2-2
Added Pin To Net: NetName=D10 Pin=R2-3
Added Pin To Net: NetName=D11 Pin=R2-4
Added Pin To Net: NetName=D12 Pin=R2-5
Added Pin To Net: NetName=D13 Pin=R2-6
Added Pin To Net: NetName=+5V Pin=R2-9
Added Pin To Net: NetName=D8 Pin=SW1-1
Added Pin To Net: NetName=GND Pin=SW1-2
Added Pin To Net: NetName=D10 Pin=SW2-1
Added Pin To Net: NetName=GND Pin=SW2-2
Added Pin To Net: NetName=D12 Pin=SW3-1
Added Pin To Net: NetName=GND Pin=SW3-2
Added Pin To Net: NetName=D9 Pin=SW4-1
Added Pin To Net: NetName=GND Pin=SW4-2
Added Pin To Net: NetName=D11 Pin=SW5-1
Added Pin To Net: NetName=GND Pin=SW5-2
Added Pin To Net: NetName=D13 Pin=SW6-1
Added Pin To Net: NetName=GND Pin=SW6-2
Added Member To Class: ClassName=sch Member=Component R2 RES_PACK_8R
Added Member To Class: ClassName=sch Member=Component SW1 SW
Added Member To Class: ClassName=sch Member=Component SW2 SW
Added Member To Class: ClassName=sch Member=Component SW3 SW
Added Member To Class: ClassName=sch Member=Component SW4 SW
Added Member To Class: ClassName=sch Member=Component SW5 SW
Added Member To Class: ClassName=sch Member=Component SW6 SW
Added Room: Name=sch
